\BOOKMARK [1][-]{section.1}{\376\377\000I\000n\000t\000r\000o\000d\000u\000c\000t\000i\000o\000n}{}% 1
\BOOKMARK [1][-]{section.2}{\376\377\000M\000o\000d\000e\000l\000\040\000D\000e\000s\000c\000r\000i\000p\000t\000i\000o\000n}{}% 2
\BOOKMARK [1][-]{section.3}{\376\377\000R\000e\000f\000e\000r\000e\000n\000c\000e\000\040\000S\000o\000l\000u\000t\000i\000o\000n}{}% 3
\BOOKMARK [2][-]{subsection.3.1}{\376\377\000V\000i\000s\000u\000a\000l\000i\000z\000a\000t\000i\000o\000n}{section.3}% 4
\BOOKMARK [2][-]{subsection.3.2}{\376\377\000M\000e\000t\000h\000o\000d\000o\000l\000o\000g\000y}{section.3}% 5
\BOOKMARK [2][-]{subsection.3.3}{\376\377\000R\000e\000s\000u\000l\000t\000s}{section.3}% 6
\BOOKMARK [2][-]{subsection.3.4}{\376\377\000O\000b\000s\000e\000r\000v\000a\000t\000i\000o\000n\000s}{section.3}% 7
\BOOKMARK [1][-]{section.4}{\376\377\000S\000t\000a\000b\000i\000l\000i\000t\000y\000\040\000A\000n\000a\000l\000y\000s\000i\000s\000:\000\040\000F\000o\000r\000w\000a\000r\000d\000\040\000E\000u\000l\000e\000r}{}% 8
\BOOKMARK [2][-]{subsection.4.1}{\376\377\000V\000i\000s\000u\000a\000l\000i\000z\000a\000t\000i\000o\000n}{section.4}% 9
\BOOKMARK [2][-]{subsection.4.2}{\376\377\000I\000n\000s\000t\000a\000b\000i\000l\000i\000t\000y\000\040\000B\000o\000u\000n\000d\000a\000r\000y\000\040\000D\000e\000t\000e\000r\000m\000i\000n\000a\000t\000i\000o\000n}{section.4}% 10
\BOOKMARK [2][-]{subsection.4.3}{\376\377\000R\000e\000s\000u\000l\000t\000s}{section.4}% 11
\BOOKMARK [2][-]{subsection.4.4}{\376\377\000E\000r\000r\000o\000r\000\040\000a\000t\000\040\000I\000n\000s\000t\000a\000b\000i\000l\000i\000t\000y}{section.4}% 12
\BOOKMARK [2][-]{subsection.4.5}{\376\377\000O\000b\000s\000e\000r\000v\000a\000t\000i\000o\000n\000s}{section.4}% 13
\BOOKMARK [1][-]{section.5}{\376\377\000A\000c\000c\000e\000p\000t\000a\000b\000l\000e\000\040\000E\000r\000r\000o\000r\000\040\000L\000e\000v\000e\000l}{}% 14
\BOOKMARK [2][-]{subsection.5.1}{\376\377\000D\000e\000f\000i\000n\000i\000t\000i\000o\000n}{section.5}% 15
\BOOKMARK [2][-]{subsection.5.2}{\376\377\000C\000o\000m\000p\000a\000r\000i\000s\000o\000n\000:\000\040\000a\000\040\000v\000s\000\040\000u\000n\000s\000t}{section.5}% 16
\BOOKMARK [2][-]{subsection.5.3}{\376\377\000I\000n\000t\000e\000r\000p\000r\000e\000t\000a\000t\000i\000o\000n}{section.5}% 17
\BOOKMARK [2][-]{subsection.5.4}{\376\377\000S\000o\000l\000u\000t\000i\000o\000n\000:\000\040\000F\000i\000n\000d\000i\000n\000g\000\040\000t\000a}{section.5}% 18
\BOOKMARK [2][-]{subsection.5.5}{\376\377\000S\000a\000f\000e\000t\000y\000\040\000A\000n\000a\000l\000y\000s\000i\000s}{section.5}% 19
\BOOKMARK [2][-]{subsection.5.6}{\376\377\000R\000e\000c\000o\000m\000m\000e\000n\000d\000a\000t\000i\000o\000n}{section.5}% 20
\BOOKMARK [1][-]{section.6}{\376\377\000T\000r\000a\000p\000e\000z\000o\000i\000d\000a\000l\000\040\000M\000e\000t\000h\000o\000d\000\040\000A\000n\000a\000l\000y\000s\000i\000s}{}% 21
\BOOKMARK [2][-]{subsection.6.1}{\376\377\000I\000m\000p\000l\000e\000m\000e\000n\000t\000a\000t\000i\000o\000n\000\040\000D\000e\000t\000a\000i\000l\000s}{section.6}% 22
\BOOKMARK [2][-]{subsection.6.2}{\376\377\000I\000n\000i\000t\000i\000a\000l\000i\000z\000a\000t\000i\000o\000n\000\040\000S\000t\000r\000a\000t\000e\000g\000i\000e\000s}{section.6}% 23
\BOOKMARK [3][-]{subsubsection.6.2.1}{\376\377\000S\000t\000r\000a\000t\000e\000g\000y\000\040\0001\000:\000\040\000P\000r\000e\000v\000i\000o\000u\000s\000\040\000T\000i\000m\000e\000\040\000S\000t\000e\000p}{subsection.6.2}% 24
\BOOKMARK [3][-]{subsubsection.6.2.2}{\376\377\000S\000t\000r\000a\000t\000e\000g\000y\000\040\0002\000:\000\040\000F\000o\000r\000w\000a\000r\000d\000\040\000E\000u\000l\000e\000r\000\040\000P\000r\000e\000d\000i\000c\000t\000i\000o\000n}{subsection.6.2}% 25
\BOOKMARK [2][-]{subsection.6.3}{\376\377\000R\000e\000c\000o\000m\000m\000e\000n\000d\000a\000t\000i\000o\000n}{section.6}% 26
\BOOKMARK [2][-]{subsection.6.4}{\376\377\000C\000o\000m\000p\000a\000r\000i\000s\000o\000n\000:\000\040\000F\000o\000r\000w\000a\000r\000d\000\040\000E\000u\000l\000e\000r\000\040\000v\000s\000\040\000T\000r\000a\000p\000e\000z\000o\000i\000d\000a\000l}{section.6}% 27
\BOOKMARK [1][-]{section.7}{\376\377\000S\000o\000l\000u\000t\000i\000o\000n\000\040\000T\000r\000a\000j\000e\000c\000t\000o\000r\000i\000e\000s\000\040\000a\000n\000d\000\040\000V\000i\000s\000u\000a\000l\000i\000z\000a\000t\000i\000o\000n\000s}{}% 28
\BOOKMARK [2][-]{subsection.7.1}{\376\377\000T\000r\000a\000j\000e\000c\000t\000o\000r\000y\000\040\000C\000o\000m\000p\000a\000r\000i\000s\000o\000n}{section.7}% 29
\BOOKMARK [2][-]{subsection.7.2}{\376\377\000D\000e\000t\000a\000i\000l\000e\000d\000\040\000S\000t\000a\000t\000e\000\040\000E\000v\000o\000l\000u\000t\000i\000o\000n}{section.7}% 30
\BOOKMARK [1][-]{section.8}{\376\377\000P\000e\000r\000f\000o\000r\000m\000a\000n\000c\000e\000\040\000C\000o\000m\000p\000a\000r\000i\000s\000o\000n}{}% 31
\BOOKMARK [2][-]{subsection.8.1}{\376\377\000S\000u\000m\000m\000a\000r\000y\000\040\000C\000o\000m\000p\000a\000r\000i\000s\000o\000n}{section.8}% 32
\BOOKMARK [2][-]{subsection.8.2}{\376\377\000S\000u\000m\000m\000a\000r\000y\000\040\000T\000a\000b\000l\000e}{section.8}% 33
\BOOKMARK [2][-]{subsection.8.3}{\376\377\000E\000f\000f\000i\000c\000i\000e\000n\000c\000y\000\040\000A\000n\000a\000l\000y\000s\000i\000s}{section.8}% 34
\BOOKMARK [1][-]{section.9}{\376\377\000C\000o\000n\000c\000l\000u\000s\000i\000o\000n\000s}{}% 35
\BOOKMARK [1][-]{section.10}{\376\377\000R\000e\000c\000o\000m\000m\000e\000n\000d\000a\000t\000i\000o\000n\000s}{}% 36
\BOOKMARK [2][-]{subsection.10.1}{\376\377\000F\000o\000r\000\040\000T\000h\000i\000s\000\040\000A\000p\000p\000l\000i\000c\000a\000t\000i\000o\000n}{section.10}% 37
\BOOKMARK [2][-]{subsection.10.2}{\376\377\000R\000a\000t\000i\000o\000n\000a\000l\000e}{section.10}% 38
\BOOKMARK [1][-]{section.11}{\376\377\000A\000d\000a\000p\000t\000i\000v\000e\000\040\000T\000i\000m\000e\000-\000S\000t\000e\000p\000p\000i\000n\000g\000\040\000A\000n\000a\000l\000y\000s\000i\000s}{}% 39
\BOOKMARK [2][-]{subsection.11.1}{\376\377\000M\000o\000t\000i\000v\000a\000t\000i\000o\000n}{section.11}% 40
\BOOKMARK [2][-]{subsection.11.2}{\376\377\000A\000d\000a\000p\000t\000i\000v\000e\000\040\000T\000i\000m\000e\000-\000S\000t\000e\000p\000\040\000C\000o\000n\000t\000r\000o\000l\000\040\000S\000t\000r\000a\000t\000e\000g\000y}{section.11}% 41
\BOOKMARK [3][-]{subsubsection.11.2.1}{\376\377\0001\000.\000\040\000S\000o\000l\000u\000t\000i\000o\000n\000\040\000V\000a\000r\000i\000a\000t\000i\000o\000n\000\040\000R\000a\000t\000e}{subsection.11.2}% 42
\BOOKMARK [3][-]{subsubsection.11.2.2}{\376\377\0002\000.\000\040\000E\000r\000r\000o\000r\000\040\000M\000o\000n\000i\000t\000o\000r\000i\000n\000g\000\040\000\050\000i\000f\000\040\000r\000e\000f\000e\000r\000e\000n\000c\000e\000\040\000a\000v\000a\000i\000l\000a\000b\000l\000e\000\051}{subsection.11.2}% 43
\BOOKMARK [3][-]{subsubsection.11.2.3}{\376\377\0003\000.\000\040\000N\000e\000w\000t\000o\000n\000\040\000C\000o\000n\000v\000e\000r\000g\000e\000n\000c\000e}{subsection.11.2}% 44
\BOOKMARK [3][-]{subsubsection.11.2.4}{\376\377\0004\000.\000\040\000S\000t\000e\000p\000\040\000R\000e\000j\000e\000c\000t\000i\000o\000n\000\040\000C\000r\000i\000t\000e\000r\000i\000a}{subsection.11.2}% 45
\BOOKMARK [2][-]{subsection.11.3}{\376\377\000I\000m\000p\000l\000e\000m\000e\000n\000t\000a\000t\000i\000o\000n\000\040\000D\000e\000t\000a\000i\000l\000s}{section.11}% 46
\BOOKMARK [2][-]{subsection.11.4}{\376\377\000F\000i\000x\000e\000d\000\040\000T\000i\000m\000e\000-\000S\000t\000e\000p\000p\000i\000n\000g\000\040\000R\000e\000s\000u\000l\000t\000s}{section.11}% 47
\BOOKMARK [2][-]{subsection.11.5}{\376\377\000A\000d\000a\000p\000t\000i\000v\000e\000\040\000T\000i\000m\000e\000-\000S\000t\000e\000p\000p\000i\000n\000g\000\040\000R\000e\000s\000u\000l\000t\000s}{section.11}% 48
\BOOKMARK [2][-]{subsection.11.6}{\376\377\000C\000o\000m\000p\000a\000r\000i\000s\000o\000n\000\040\000S\000u\000m\000m\000a\000r\000y}{section.11}% 49
\BOOKMARK [2][-]{subsection.11.7}{\376\377\000E\000x\000p\000e\000c\000t\000e\000d\000\040\000B\000e\000n\000e\000f\000i\000t\000s\000\040\000\050\000T\000h\000e\000o\000r\000e\000t\000i\000c\000a\000l\000\051}{section.11}% 50
\BOOKMARK [3][-]{subsubsection.11.7.1}{\376\377\000F\000o\000r\000\040\000N\000o\000n\000-\000S\000t\000i\000f\000f\000\040\000S\000y\000s\000t\000e\000m\000s}{subsection.11.7}% 51
\BOOKMARK [3][-]{subsubsection.11.7.2}{\376\377\000F\000o\000r\000\040\000S\000t\000i\000f\000f\000\040\000S\000y\000s\000t\000e\000m\000s}{subsection.11.7}% 52
\BOOKMARK [2][-]{subsection.11.8}{\376\377\000C\000o\000m\000p\000a\000r\000i\000s\000o\000n\000:\000\040\000F\000i\000x\000e\000d\000\040\000v\000s\000\040\000A\000d\000a\000p\000t\000i\000v\000e}{section.11}% 53
\BOOKMARK [3][-]{subsubsection.11.8.1}{\376\377\000C\000o\000m\000p\000u\000t\000a\000t\000i\000o\000n\000\040\000T\000i\000m\000e\000\040\000A\000n\000a\000l\000y\000s\000i\000s}{subsection.11.8}% 54
\BOOKMARK [3][-]{subsubsection.11.8.2}{\376\377\000W\000h\000e\000n\000\040\000A\000d\000a\000p\000t\000i\000v\000e\000\040\000i\000s\000\040\000F\000a\000s\000t\000e\000r}{subsection.11.8}% 55
\BOOKMARK [3][-]{subsubsection.11.8.3}{\376\377\000W\000h\000e\000n\000\040\000A\000d\000a\000p\000t\000i\000v\000e\000\040\000i\000s\000\040\000S\000l\000o\000w\000e\000r}{subsection.11.8}% 56
\BOOKMARK [2][-]{subsection.11.9}{\376\377\000O\000b\000s\000e\000r\000v\000a\000t\000i\000o\000n\000s\000\040\000f\000o\000r\000\040\000T\000h\000i\000s\000\040\000A\000p\000p\000l\000i\000c\000a\000t\000i\000o\000n}{section.11}% 57
\BOOKMARK [2][-]{subsection.11.10}{\376\377\000A\000d\000a\000p\000t\000i\000v\000e\000\040\000I\000m\000p\000l\000e\000m\000e\000n\000t\000a\000t\000i\000o\000n\000\040\000S\000t\000a\000t\000u\000s}{section.11}% 58
\BOOKMARK [2][-]{subsection.11.11}{\376\377\000P\000e\000r\000i\000o\000d\000i\000c\000\040\000S\000t\000e\000a\000d\000y\000-\000S\000t\000a\000t\000e\000\040\000M\000e\000t\000h\000o\000d\000\040\000C\000o\000m\000p\000a\000r\000i\000s\000o\000n}{section.11}% 59
\BOOKMARK [3][-]{subsubsection.11.11.1}{\376\377\000C\000o\000m\000p\000a\000r\000i\000s\000o\000n\000\040\000F\000r\000a\000m\000e\000w\000o\000r\000k}{subsection.11.11}% 60
\BOOKMARK [3][-]{subsubsection.11.11.2}{\376\377\000R\000e\000f\000e\000r\000e\000n\000c\000e\000\040\000S\000o\000l\000u\000t\000i\000o\000n}{subsection.11.11}% 61
\BOOKMARK [3][-]{subsubsection.11.11.3}{\376\377\000C\000o\000m\000p\000a\000r\000i\000s\000o\000n\000\040\000M\000e\000t\000h\000o\000d\000o\000l\000o\000g\000y}{subsection.11.11}% 62
\BOOKMARK [3][-]{subsubsection.11.11.4}{\376\377\000R\000e\000s\000u\000l\000t\000s}{subsection.11.11}% 63
\BOOKMARK [1][-]{section.12}{\376\377\000F\000u\000r\000t\000h\000e\000r\000\040\000W\000o\000r\000k}{}% 64
